<?xml version="1.0" encoding="UTF-8"?>
<testsuite name="com.kfedor.integreation.entity.FilmIT" tests="1" skipped="0" failures="0" errors="0" timestamp="2023-02-26T17:01:16" hostname="MacBook-Air-Fedor.local" time="6.807">
  <properties/>
  <testcase name="ShouldPersistEntityAndGetEntity()" classname="com.kfedor.integreation.entity.FilmIT" time="6.807"/>
  <system-out><![CDATA[[23:01:17,244] INFO [org.hibernate.Version: 44] HHH000412: Hibernate ORM core version 6.1.7.Final
[23:01:19,485] WARN [org.hibernate.orm.connections.pooling: 80] HHH10001002: Using built-in connection pool (not intended for production use)
[23:01:19,498] INFO [org.hibernate.orm.connections.pooling: 139] HHH10001005: Loaded JDBC driver class: org.postgresql.Driver
[23:01:19,499] INFO [org.hibernate.orm.connections.pooling: 161] HHH10001012: Connecting with JDBC URL [jdbc:postgresql://localhost:5433/video_library]
[23:01:19,502] INFO [org.hibernate.orm.connections.pooling: 170] HHH10001001: Connection properties: {password=****, user=postgres}
[23:01:19,503] INFO [org.hibernate.orm.connections.pooling: 174] HHH10001003: Autocommit mode: false
[23:01:19,512] INFO [org.hibernate.orm.connections.pooling: 366] HHH10001115: Connection pool size: 20 (min=1)
[23:01:20,239] INFO [SQL dialect: 66] HHH000400: Using dialect: org.hibernate.dialect.PostgreSQLDialect
[23:01:22,883] INFO [org.hibernate.engine.transaction.jta.platform.internal.JtaPlatformInitiator: 51] HHH000490: Using JtaPlatform implementation: [org.hibernate.engine.transaction.jta.platform.internal.NoJtaPlatform]
Hibernate: 
    insert 
    into
        Film
        (genre, production_company, production_country, release_year, title) 
    values
        (?, ?, ?, ?, ?)
[23:01:23,428] INFO [org.hibernate.orm.connections.pooling: 608] HHH10001008: Cleaning up connection pool [jdbc:postgresql://localhost:5433/video_library]
]]></system-out>
  <system-err><![CDATA[]]></system-err>
</testsuite>
